<?xml version="1.0" encoding="UTF-8"?>
<!-- Generated by org.testng.reporters.JUnitReportReporter -->
<testsuite skipped="0" hostname="HIJ-LP547" name="com.qa.SeleniumFramework.test.LoginPageTest" tests="2" failures="0" timestamp="02 May 2022 13:57:12 GMT" time="1.180" errors="0">
  <testcase name="verifyLoginPageTitle" time="0.078" classname="com.qa.SeleniumFramework.test.LoginPageTest"/>
  <testcase name="loginToSchoolCafe" time="1.102" classname="com.qa.SeleniumFramework.test.LoginPageTest"/>
</testsuite> <!-- com.qa.SeleniumFramework.test.LoginPageTest -->
