<?xml version="1.0" encoding="UTF-8"?>
<!-- Generated by org.testng.reporters.JUnitReportReporter -->
<testsuite skipped="0" hostname="HIJ-LP547" name="com.qa.SeleniumFramework.test.LoginPageTest" tests="2" failures="0" timestamp="07 Aug 2022 09:11:32 GMT" time="1.220" errors="0">
  <testcase name="verifyLoginPageTitle" time="0.071" classname="com.qa.SeleniumFramework.test.LoginPageTest"/>
  <testcase name="loginToSchoolCafe" time="1.149" classname="com.qa.SeleniumFramework.test.LoginPageTest"/>
</testsuite> <!-- com.qa.SeleniumFramework.test.LoginPageTest -->
