<?xml version="1.0" encoding="UTF-8"?>
<!-- Generated by org.testng.reporters.JUnitReportReporter -->
<testsuite skipped="0" hostname="HIJ-LP547" name="com.qa.SeleniumFramework.test.HomePageTest" tests="2" failures="0" timestamp="08 Jun 2022 04:05:27 GMT" time="31.538" errors="0">
  <testcase name="validateHomePageTitle" time="10.301" classname="com.qa.SeleniumFramework.test.HomePageTest"/>
  <testcase name="navigateToProductionModule" time="21.237" classname="com.qa.SeleniumFramework.test.HomePageTest"/>
</testsuite> <!-- com.qa.SeleniumFramework.test.HomePageTest -->
